[2018-12-06T03:29:55.038Z] [31merror[39m: config is not defined
[2018-12-06T03:33:25.220Z] [31merror[39m: config is not defined
[2018-12-06T03:37:44.316Z] [31merror[39m: config is not defined
[2018-12-06T03:38:25.736Z] [31merror[39m: config is not defined
[2018-12-06T03:39:31.868Z] [31merror[39m: config is not defined
[2018-12-06T03:39:53.580Z] [31merror[39m: config is not defined
[2018-12-06T03:43:12.885Z] [31merror[39m: config is not defined
[2018-12-06T03:43:27.770Z] [31merror[39m: config is not defined
[2018-12-06T03:52:27.036Z] [31merror[39m: config is not defined
[2018-12-06T03:59:01.315Z] [31merror[39m: config is not defined
[2018-12-06T17:00:32.038Z] [31merror[39m: config is not defined
[2018-12-06T17:00:32.658Z] [31merror[39m: config is not defined
[2018-12-06T17:03:02.446Z] [31merror[39m: config is not defined
[2018-12-06T17:05:38.013Z] [31merror[39m: config is not defined
[2018-12-06T17:07:29.282Z] [31merror[39m: config is not defined
[2018-12-06T17:07:38.326Z] [31merror[39m: config is not defined
[2018-12-06T17:09:06.839Z] [31merror[39m: config is not defined
[2018-12-06T17:16:52.904Z] [31merror[39m: config is not defined
[2018-12-06T17:19:07.961Z] [31merror[39m: config is not defined
[2018-12-06T17:21:07.314Z] [31merror[39m: config is not defined
[2018-12-06T17:23:22.004Z] [31merror[39m: config is not defined
[2018-12-06T17:25:47.023Z] [31merror[39m: config is not defined
[2018-12-06T17:26:57.235Z] [31merror[39m: config is not defined
[2018-12-14T12:08:59.772Z] [31merror[39m: UserCVDetails validation failed: skills: Cast to Array failed for value "[ { skill: 'skillOne' }, { skill: 'skillTwo' } ]" at path "skills"
[2018-12-14T12:22:41.777Z] [31merror[39m: UserCVDetails validation failed: skills: Cast to Array failed for value "[ { skill: 'skillOne' }, { skill: 'skillTwo' } ]" at path "skills"
[2018-12-14T12:23:29.528Z] [31merror[39m: UserCVDetails validation failed: skills: Cast to Array failed for value "[ { title: 'skillOne' }, { title: 'skillTwo' } ]" at path "skills"
[2018-12-14T12:26:29.114Z] [31merror[39m: UserCVDetails validation failed: user: Path `user` is required.
[2018-12-14T12:27:48.642Z] [31merror[39m: UserCVDetails validation failed: user: Cast to ObjectID failed for value "{ name: '', email: '', password: '' }" at path "user"
[2018-12-14T21:53:07.825Z] [31merror[39m: cvDetailss is not defined
[2018-12-14T22:30:38.033Z] [31merror[39m: Converting circular structure to JSON
[2018-12-14T22:39:56.531Z] [31merror[39m: Cannot read property 'pipe' of undefined
[2018-12-14T22:41:28.896Z] [31merror[39m: The "path" argument must be one of type string, Buffer, or URL. Received type object
[2018-12-23T17:04:40.256Z] [31merror[39m: Cannot read property 'name' of undefined
[2018-12-23T18:02:11.831Z] [31merror[39m: UserCVDetails validation failed: experience.0.details: Path `details` is required., experience.1.details: Path `details` is required.
[2018-12-26T17:08:21.775Z] [31merror[39m: pdfMake.createPdf is not a function
[2018-12-26T17:12:42.810Z] [31merror[39m: generatePdf is not defined
[2019-01-26T12:47:54.486Z] [31merror[39m: request entity too large
